#
# There is insufficient memory for the Java Runtime Environment to continue.
# Native memory allocation (malloc) failed to allocate 705696 bytes for Chunk::new
# Possible reasons:
#   The system is out of physical RAM or swap space
#   The process is running with CompressedOops enabled, and the Java Heap may be blocking the growth of the native heap
# Possible solutions:
#   Reduce memory load on the system
#   Increase physical memory or swap space
#   Check if swap backing store is full
#   Decrease Java heap size (-Xmx/-Xms)
#   Decrease number of Java threads
#   Decrease Java thread stack sizes (-Xss)
#   Set larger code cache with -XX:ReservedCodeCacheSize=
#   JVM is running with Unscaled Compressed Oops mode in which the Java heap is
#     placed in the first 4GB address space. The Java Heap base address is the
#     maximum limit for the native heap growth. Please use -XX:HeapBaseMinAddress
#     to set the Java Heap base and to place the Java Heap above 4GB virtual address.
# This output file may be truncated or incomplete.
#
#  Out of Memory Error (allocation.cpp:389), pid=26796, tid=0x0000000000005898
#
# JRE version: OpenJDK Runtime Environment (8.0_242-b01) (build 1.8.0_242-release-1644-b01)
# Java VM: OpenJDK 64-Bit Server VM (25.242-b01 mixed mode windows-amd64 compressed oops)
# Failed to write core dump. Minidumps are not enabled by default on client versions of Windows
#

---------------  T H R E A D  ---------------

Current thread (0x000000001819b000):  JavaThread "C2 CompilerThread1" daemon [_thread_in_native, id=22680, stack(0x000000001a980000,0x000000001aa80000)]

Stack: [0x000000001a980000,0x000000001aa80000]
[error occurred during error reporting (printing stack bounds), id 0xc0000005]

Native frames: (J=compiled Java code, j=interpreted, Vv=VM code, C=native code)


Current CompileTask:
C2: 460966 21967       4       com.android.tools.r8.dex.n::e (654 bytes)


---------------  P R O C E S S  ---------------

Java Threads: ( => current thread )
  0x0000000031182000 JavaThread "ForkJoinPool-3-worker-0" daemon [_thread_in_native, id=17216, stack(0x0000000032fb0000,0x00000000330b0000)]
  0x0000000031181000 JavaThread "ForkJoinPool-3-worker-7" daemon [_thread_blocked, id=19280, stack(0x0000000032eb0000,0x0000000032fb0000)]
  0x0000000031184000 JavaThread "ForkJoinPool-3-worker-6" daemon [_thread_in_native_trans, id=3348, stack(0x0000000032db0000,0x0000000032eb0000)]
  0x0000000031187000 JavaThread "ForkJoinPool-3-worker-5" daemon [_thread_in_Java, id=24572, stack(0x0000000032cb0000,0x0000000032db0000)]
  0x0000000031183800 JavaThread "ForkJoinPool-3-worker-4" daemon [_thread_blocked, id=5140, stack(0x0000000032bb0000,0x0000000032cb0000)]
  0x0000000031182800 JavaThread "ForkJoinPool-3-worker-3" daemon [_thread_blocked, id=15820, stack(0x0000000032ab0000,0x0000000032bb0000)]
  0x0000000031188000 JavaThread "ForkJoinPool-3-worker-2" daemon [_thread_blocked, id=944, stack(0x00000000329b0000,0x0000000032ab0000)]
  0x0000000031180800 JavaThread "ForkJoinPool-3-worker-1" daemon [_thread_in_Java, id=7320, stack(0x00000000328b0000,0x00000000329b0000)]
  0x0000000031186800 JavaThread "ForkJoinPool-5-worker-0" daemon [_thread_blocked, id=6536, stack(0x00000000327b0000,0x00000000328b0000)]
  0x0000000031185800 JavaThread "ForkJoinPool-5-worker-7" daemon [_thread_blocked, id=29512, stack(0x00000000326b0000,0x00000000327b0000)]
  0x00000000200dd000 JavaThread "ForkJoinPool-5-worker-6" daemon [_thread_blocked, id=21204, stack(0x00000000325b0000,0x00000000326b0000)]
  0x000000001fc30800 JavaThread "ForkJoinPool-5-worker-5" daemon [_thread_blocked, id=11528, stack(0x00000000324b0000,0x00000000325b0000)]
  0x000000001fc2f000 JavaThread "ForkJoinPool-5-worker-4" daemon [_thread_blocked, id=6372, stack(0x00000000323b0000,0x00000000324b0000)]
  0x000000001fc2e000 JavaThread "ForkJoinPool-5-worker-3" daemon [_thread_blocked, id=29852, stack(0x0000000032120000,0x0000000032220000)]
  0x000000001fc2c000 JavaThread "ForkJoinPool-5-worker-2" daemon [_thread_blocked, id=18452, stack(0x0000000032020000,0x0000000032120000)]
  0x000000001fc2d800 JavaThread "ForkJoinPool-5-worker-1" daemon [_thread_blocked, id=21312, stack(0x000000002f2c0000,0x000000002f3c0000)]
  0x000000001fc2c800 JavaThread "WorkerExecutor Queue Thread 9" [_thread_blocked, id=2040, stack(0x00000000322b0000,0x00000000323b0000)]
  0x000000001fc32000 JavaThread "WorkerExecutor Queue Thread 7" [_thread_blocked, id=17196, stack(0x0000000031f20000,0x0000000032020000)]
  0x000000001fc31000 JavaThread "WorkerExecutor Queue Thread 6" [_thread_in_Java, id=21232, stack(0x0000000031e20000,0x0000000031f20000)]
  0x000000001fc2f800 JavaThread "WorkerExecutor Queue Thread 5" [_thread_blocked, id=28240, stack(0x000000002f540000,0x000000002f640000)]
  0x000000001fc32800 JavaThread "WorkerExecutor Queue Thread 4" [_thread_blocked, id=17716, stack(0x000000002f440000,0x000000002f540000)]
  0x00000000200db000 JavaThread "WorkerExecutor Queue Thread 3" [_thread_blocked, id=21980, stack(0x000000002e810000,0x000000002e910000)]
  0x00000000200d8800 JavaThread "WorkerExecutor Queue Thread 2" [_thread_blocked, id=26656, stack(0x000000002e060000,0x000000002e160000)]
  0x00000000203ef800 JavaThread "WorkerExecutor Queue" [_thread_blocked, id=20504, stack(0x000000002df60000,0x000000002e060000)]
  0x00000000203eb000 JavaThread "Cache worker for Java compile cache (C:\Users\bruno\Dropbox\PROGRAMACAO\android\Tonorastro\.gradle\6.5\javaCompile)" [_thread_blocked, id=7972, stack(0x000000002dc60000,0x000000002dd60000)]
  0x00000000203ee000 JavaThread "Cache worker for execution history cache (C:\Users\bruno\Dropbox\PROGRAMACAO\android\Tonorastro\.gradle\6.5\executionHistory)" [_thread_blocked, id=14948, stack(0x000000002d560000,0x000000002d660000)]
  0x00000000203e9800 JavaThread "Execution worker for ':' Thread 7" [_thread_blocked, id=27372, stack(0x000000002d060000,0x000000002d160000)]
  0x00000000203ed000 JavaThread "Execution worker for ':' Thread 6" [_thread_blocked, id=6908, stack(0x000000002ca80000,0x000000002cb80000)]
  0x00000000203e2000 JavaThread "Execution worker for ':' Thread 5" [_thread_blocked, id=28520, stack(0x000000002c980000,0x000000002ca80000)]
  0x00000000203e5800 JavaThread "Execution worker for ':' Thread 4" [_thread_blocked, id=2936, stack(0x000000002c880000,0x000000002c980000)]
  0x00000000203e3800 JavaThread "Execution worker for ':' Thread 3" [_thread_blocked, id=14852, stack(0x000000002c780000,0x000000002c880000)]
  0x00000000203e2800 JavaThread "Execution worker for ':' Thread 2" [_thread_blocked, id=4328, stack(0x000000002b0a0000,0x000000002b1a0000)]
  0x00000000203e8800 JavaThread "Execution worker for ':'" [_thread_blocked, id=25644, stack(0x000000002afa0000,0x000000002b0a0000)]
  0x000000001d3ad000 JavaThread "Cache worker for file content cache (C:\Users\bruno\Dropbox\PROGRAMACAO\android\Tonorastro\.gradle\6.5\fileContent)" [_thread_blocked, id=27672, stack(0x000000002aea0000,0x000000002afa0000)]
  0x000000001d3ac800 JavaThread "Cache worker for Build Output Cleanup Cache (C:\Users\bruno\Dropbox\PROGRAMACAO\android\Tonorastro\.gradle\buildOutputCleanup)" [_thread_blocked, id=14148, stack(0x000000002ada0000,0x000000002aea0000)]
  0x000000001d3ab800 JavaThread "Build operations Thread 8" [_thread_blocked, id=9716, stack(0x0000000024ba0000,0x0000000024ca0000)]
  0x000000001d3ab000 JavaThread "Build operations Thread 7" [_thread_blocked, id=7280, stack(0x0000000024aa0000,0x0000000024ba0000)]
  0x000000001d3aa000 JavaThread "Build operations Thread 6" [_thread_blocked, id=20712, stack(0x00000000249a0000,0x0000000024aa0000)]
  0x000000001d3a9800 JavaThread "Build operations Thread 5" [_thread_blocked, id=24472, stack(0x00000000248a0000,0x00000000249a0000)]
  0x000000001d3a8800 JavaThread "Build operations Thread 4" [_thread_blocked, id=21432, stack(0x00000000230d0000,0x00000000231d0000)]
  0x000000001d3a8000 JavaThread "Build operations Thread 3" [_thread_blocked, id=16488, stack(0x00000000228d0000,0x00000000229d0000)]
  0x000000001d3a0800 JavaThread "Build operations Thread 2" [_thread_blocked, id=29912, stack(0x00000000227d0000,0x00000000228d0000)]
  0x000000001d3a7000 JavaThread "Build operations" [_thread_blocked, id=21752, stack(0x0000000021460000,0x0000000021560000)]
  0x000000001d3a6800 JavaThread "Cache worker for cache directory md-rule (C:\Users\bruno\.gradle\caches\6.5\md-rule)" [_thread_blocked, id=13444, stack(0x0000000021360000,0x0000000021460000)]
  0x000000001d39f000 JavaThread "Cache worker for cache directory md-supplier (C:\Users\bruno\.gradle\caches\6.5\md-supplier)" [_thread_blocked, id=23620, stack(0x000000001e9c0000,0x000000001eac0000)]
  0x000000001d3a5800 JavaThread "Cache worker for checksums cache (C:\Users\bruno\Dropbox\PROGRAMACAO\android\Tonorastro\.gradle\checksums)" [_thread_blocked, id=29548, stack(0x000000001e8c0000,0x000000001e9c0000)]
  0x000000001d39e000 JavaThread "Cache worker for file hash cache (C:\Users\bruno\Dropbox\PROGRAMACAO\android\Tonorastro\.gradle\6.5\fileHashes)" [_thread_blocked, id=28576, stack(0x000000001e7c0000,0x000000001e8c0000)]
  0x000000001d3a4000 JavaThread "Thread-425" [_thread_blocked, id=23380, stack(0x000000001e6c0000,0x000000001e7c0000)]
  0x000000001d3a5000 JavaThread "Stdin handler" [_thread_blocked, id=29376, stack(0x000000001e3c0000,0x000000001e4c0000)]
  0x000000001d3a3800 JavaThread "Asynchronous log dispatcher for DefaultDaemonConnection: socket connection from /127.0.0.1:63599 to /127.0.0.1:63682" [_thread_blocked, id=6068, stack(0x000000001dd60000,0x000000001de60000)]
  0x000000001d3a2800 JavaThread "Cancel handler" [_thread_blocked, id=19392, stack(0x00000000014e0000,0x00000000015e0000)]
  0x000000001d3a2000 JavaThread "Handler for socket connection from /127.0.0.1:63599 to /127.0.0.1:63682" [_thread_in_native, id=14796, stack(0x00000000013e0000,0x00000000014e0000)]
  0x000000001d39f800 JavaThread "jar transforms Thread 282" [_thread_blocked, id=27364, stack(0x000000002aca0000,0x000000002ada0000)]
  0x000000001d3a1000 JavaThread "jar transforms Thread 281" [_thread_blocked, id=26632, stack(0x000000002aba0000,0x000000002aca0000)]
  0x000000001fda4800 JavaThread "jar transforms Thread 280" [_thread_blocked, id=29316, stack(0x000000002aaa0000,0x000000002aba0000)]
  0x000000001fda0800 JavaThread "jar transforms Thread 279" [_thread_blocked, id=19884, stack(0x000000002a9a0000,0x000000002aaa0000)]
  0x000000001fda1800 JavaThread "jar transforms Thread 278" [_thread_blocked, id=8984, stack(0x000000002a8a0000,0x000000002a9a0000)]
  0x000000001fda2000 JavaThread "jar transforms Thread 277" [_thread_blocked, id=18348, stack(0x000000002a7a0000,0x000000002a8a0000)]
  0x000000001fda3800 JavaThread "jar transforms Thread 276" [_thread_blocked, id=412, stack(0x000000002a6a0000,0x000000002a7a0000)]
  0x000000001fda3000 JavaThread "jar transforms Thread 275" [_thread_blocked, id=16996, stack(0x000000002a5a0000,0x000000002a6a0000)]
  0x000000001fda0000 JavaThread "jar transforms Thread 274" [_thread_blocked, id=6656, stack(0x000000002a4a0000,0x000000002a5a0000)]
  0x000000001fd98800 JavaThread "jar transforms Thread 273" [_thread_blocked, id=16324, stack(0x000000002a3a0000,0x000000002a4a0000)]
  0x000000001fd9f000 JavaThread "jar transforms Thread 272" [_thread_blocked, id=5748, stack(0x000000002a2a0000,0x000000002a3a0000)]
  0x000000001fd9e800 JavaThread "jar transforms Thread 271" [_thread_blocked, id=15808, stack(0x000000002a1a0000,0x000000002a2a0000)]
  0x000000001fd9a000 JavaThread "jar transforms Thread 270" [_thread_blocked, id=14956, stack(0x000000002a0a0000,0x000000002a1a0000)]
  0x000000001fd9d800 JavaThread "jar transforms Thread 269" [_thread_blocked, id=14188, stack(0x0000000029fa0000,0x000000002a0a0000)]
  0x000000001fd9a800 JavaThread "jar transforms Thread 268" [_thread_blocked, id=29384, stack(0x0000000029ea0000,0x0000000029fa0000)]
  0x000000001fd99000 JavaThread "jar transforms Thread 267" [_thread_blocked, id=15844, stack(0x0000000029da0000,0x0000000029ea0000)]
  0x000000001fd9d000 JavaThread "jar transforms Thread 266" [_thread_blocked, id=19184, stack(0x0000000029ca0000,0x0000000029da0000)]
  0x000000001fd97800 JavaThread "jar transforms Thread 265" [_thread_blocked, id=25628, stack(0x0000000029ba0000,0x0000000029ca0000)]
  0x000000001fd9c000 JavaThread "jar transforms Thread 264" [_thread_blocked, id=17028, stack(0x0000000029aa0000,0x0000000029ba0000)]
  0x000000001fd97000 JavaThread "jar transforms Thread 263" [_thread_blocked, id=13180, stack(0x00000000299a0000,0x0000000029aa0000)]
  0x000000001fd96000 JavaThread "jar transforms Thread 262" [_thread_blocked, id=8568, stack(0x00000000298a0000,0x00000000299a0000)]
  0x000000001fd9b800 JavaThread "jar transforms Thread 261" [_thread_blocked, id=11980, stack(0x00000000297a0000,0x00000000298a0000)]
  0x000000001fd95800 JavaThread "jar transforms Thread 260" [_thread_blocked, id=24224, stack(0x00000000296a0000,0x00000000297a0000)]
  0x000000001f28c800 JavaThread "jar transforms Thread 259" [_thread_blocked, id=7220, stack(0x00000000295a0000,0x00000000296a0000)]
  0x000000001f28b800 JavaThread "jar transforms Thread 258" [_thread_blocked, id=13472, stack(0x00000000294a0000,0x00000000295a0000)]
  0x000000001f28b000 JavaThread "jar transforms Thread 257" [_thread_blocked, id=16692, stack(0x00000000293a0000,0x00000000294a0000)]
  0x000000001f28d000 JavaThread "jar transforms Thread 256" [_thread_blocked, id=15944, stack(0x00000000292a0000,0x00000000293a0000)]
  0x000000001f289800 JavaThread "jar transforms Thread 255" [_thread_blocked, id=24004, stack(0x00000000291a0000,0x00000000292a0000)]
  0x000000001f28a000 JavaThread "jar transforms Thread 254" [_thread_blocked, id=20252, stack(0x00000000290a0000,0x00000000291a0000)]
  0x000000001f288800 JavaThread "jar transforms Thread 253" [_thread_blocked, id=23260, stack(0x0000000028fa0000,0x00000000290a0000)]
  0x000000001f288000 JavaThread "jar transforms Thread 252" [_thread_blocked, id=23412, stack(0x0000000028ea0000,0x0000000028fa0000)]
  0x000000001f280800 JavaThread "jar transforms Thread 251" [_thread_blocked, id=4308, stack(0x0000000028da0000,0x0000000028ea0000)]
  0x000000001f287000 JavaThread "jar transforms Thread 250" [_thread_blocked, id=1752, stack(0x0000000028ca0000,0x0000000028da0000)]
  0x000000001f27f800 JavaThread "jar transforms Thread 249" [_thread_blocked, id=16972, stack(0x0000000028ba0000,0x0000000028ca0000)]
  0x000000001f284000 JavaThread "jar transforms Thread 248" [_thread_blocked, id=23856, stack(0x0000000028aa0000,0x0000000028ba0000)]
  0x000000001f286800 JavaThread "jar transforms Thread 247" [_thread_blocked, id=29040, stack(0x00000000289a0000,0x0000000028aa0000)]
  0x000000001f285800 JavaThread "jar transforms Thread 246" [_thread_blocked, id=18480, stack(0x00000000288a0000,0x00000000289a0000)]
  0x000000001f283800 JavaThread "jar transforms Thread 245" [_thread_blocked, id=28584, stack(0x00000000287a0000,0x00000000288a0000)]
  0x000000001f282800 JavaThread "jar transforms Thread 244" [_thread_blocked, id=20188, stack(0x00000000286a0000,0x00000000287a0000)]
  0x000000001f27f000 JavaThread "jar transforms Thread 243" [_thread_blocked, id=20296, stack(0x00000000285a0000,0x00000000286a0000)]
  0x000000001f281000 JavaThread "jar transforms Thread 242" [_thread_blocked, id=18024, stack(0x00000000284a0000,0x00000000285a0000)]
  0x000000001f27e000 JavaThread "jar transforms Thread 241" [_thread_blocked, id=29508, stack(0x00000000283a0000,0x00000000284a0000)]
  0x000000001f285000 JavaThread "jar transforms Thread 240" [_thread_blocked, id=28236, stack(0x00000000282a0000,0x00000000283a0000)]
  0x000000001f282000 JavaThread "jar transforms Thread 239" [_thread_blocked, id=26152, stack(0x00000000281a0000,0x00000000282a0000)]
  0x0000000020889000 JavaThread "jar transforms Thread 238" [_thread_blocked, id=21140, stack(0x00000000280a0000,0x00000000281a0000)]
  0x0000000020887800 JavaThread "jar transforms Thread 237" [_thread_blocked, id=21396, stack(0x0000000027fa0000,0x00000000280a0000)]
  0x0000000020886800 JavaThread "jar transforms Thread 236" [_thread_blocked, id=30240, stack(0x0000000027ea0000,0x0000000027fa0000)]
  0x0000000020885000 JavaThread "jar transforms Thread 235" [_thread_blocked, id=21456, stack(0x0000000027da0000,0x0000000027ea0000)]
  0x0000000020886000 JavaThread "jar transforms Thread 234" [_thread_blocked, id=24880, stack(0x0000000027ca0000,0x0000000027da0000)]
  0x0000000020888000 JavaThread "jar transforms Thread 233" [_thread_blocked, id=11492, stack(0x0000000027ba0000,0x0000000027ca0000)]
  0x0000000020884800 JavaThread "jar transforms Thread 232" [_thread_blocked, id=27928, stack(0x0000000027aa0000,0x0000000027ba0000)]
  0x000000002087d000 JavaThread "jar transforms Thread 231" [_thread_blocked, id=26428, stack(0x00000000279a0000,0x0000000027aa0000)]
  0x0000000020883800 JavaThread "jar transforms Thread 230" [_thread_blocked, id=28300, stack(0x00000000278a0000,0x00000000279a0000)]
  0x000000002087c000 JavaThread "jar transforms Thread 229" [_thread_blocked, id=26992, stack(0x00000000277a0000,0x00000000278a0000)]
  0x0000000020883000 JavaThread "jar transforms Thread 228" [_thread_blocked, id=22144, stack(0x00000000276a0000,0x00000000277a0000)]
  0x000000002087b800 JavaThread "jar transforms Thread 227" [_thread_blocked, id=25344, stack(0x00000000275a0000,0x00000000276a0000)]
  0x0000000020882000 JavaThread "jar transforms Thread 226" [_thread_blocked, id=16808, stack(0x00000000274a0000,0x00000000275a0000)]
  0x000000002087a800 JavaThread "jar transforms Thread 225" [_thread_blocked, id=27876, stack(0x00000000273a0000,0x00000000274a0000)]
  0x0000000020881800 JavaThread "jar transforms Thread 224" [_thread_blocked, id=14752, stack(0x00000000272a0000,0x00000000273a0000)]
  0x0000000020880800 JavaThread "jar transforms Thread 223" [_thread_blocked, id=16740, stack(0x00000000271a0000,0x00000000272a0000)]
  0x0000000020880000 JavaThread "jar transforms Thread 222" [_thread_blocked, id=13764, stack(0x00000000270a0000,0x00000000271a0000)]
  0x000000002087f000 JavaThread "jar transforms Thread 221" [_thread_blocked, id=23176, stack(0x0000000026fa0000,0x00000000270a0000)]
  0x000000002087e800 JavaThread "jar transforms Thread 220" [_thread_blocked, id=3564, stack(0x0000000026ea0000,0x0000000026fa0000)]
  0x000000002087d800 JavaThread "jar transforms Thread 219" [_thread_blocked, id=24708, stack(0x0000000026da0000,0x0000000026ea0000)]
  0x000000002087a000 JavaThread "jar transforms Thread 218" [_thread_blocked, id=19316, stack(0x0000000026ca0000,0x0000000026da0000)]
  0x000000001ccfb800 JavaThread "jar transforms Thread 217" [_thread_blocked, id=16528, stack(0x0000000026ba0000,0x0000000026ca0000)]
  0x000000001ccfd800 JavaThread "jar transforms Thread 216" [_thread_blocked, id=10864, stack(0x0000000026aa0000,0x0000000026ba0000)]
  0x000000001fef8800 JavaThread "jar transforms Thread 215" [_thread_blocked, id=24884, stack(0x00000000269a0000,0x0000000026aa0000)]
  0x000000001fef9000 JavaThread "jar transforms Thread 214" [_thread_blocked, id=17140, stack(0x00000000268a0000,0x00000000269a0000)]
  0x000000001fef7800 JavaThread "jar transforms Thread 213" [_thread_blocked, id=29600, stack(0x00000000267a0000,0x00000000268a0000)]
  0x000000001fef6000 JavaThread "jar transforms Thread 212" [_thread_blocked, id=21880, stack(0x00000000266a0000,0x00000000267a0000)]
  0x000000001fefd000 JavaThread "jar transforms Thread 211" [_thread_blocked, id=29576, stack(0x00000000265a0000,0x00000000266a0000)]
  0x000000001fefc000 JavaThread "jar transforms Thread 210" [_thread_blocked, id=19212, stack(0x00000000264a0000,0x00000000265a0000)]
  0x000000001fef4800 JavaThread "jar transforms Thread 209" [_thread_blocked, id=12044, stack(0x00000000263a0000,0x00000000264a0000)]
  0x000000001fefb800 JavaThread "jar transforms Thread 208" [_thread_blocked, id=28184, stack(0x00000000262a0000,0x00000000263a0000)]
  0x000000001fefa000 JavaThread "jar transforms Thread 207" [_thread_blocked, id=2028, stack(0x00000000261a0000,0x00000000262a0000)]
  0x000000001fef3000 JavaThread "jar transforms Thread 206" [_thread_blocked, id=15620, stack(0x00000000260a0000,0x00000000261a0000)]
  0x000000001fef5800 JavaThread "jar transforms Thread 205" [_thread_blocked, id=22508, stack(0x0000000025fa0000,0x00000000260a0000)]
  0x000000001fef7000 JavaThread "jar transforms Thread 204" [_thread_blocked, id=11232, stack(0x0000000025ea0000,0x0000000025fa0000)]
  0x000000001feed800 JavaThread "jar transforms Thread 203" [_thread_blocked, id=23432, stack(0x0000000025da0000,0x0000000025ea0000)]
  0x000000001fef2800 JavaThread "jar transforms Thread 202" [_thread_blocked, id=18008, stack(0x0000000025ca0000,0x0000000025da0000)]
  0x00000000200e2800 JavaThread "jar transforms Thread 201" [_thread_blocked, id=27948, stack(0x0000000025ba0000,0x0000000025ca0000)]
  0x00000000200e4000 JavaThread "jar transforms Thread 200" [_thread_blocked, id=7304, stack(0x0000000025aa0000,0x0000000025ba0000)]
  0x00000000200e1800 JavaThread "jar transforms Thread 199" [_thread_blocked, id=17184, stack(0x00000000259a0000,0x0000000025aa0000)]
  0x00000000200e4800 JavaThread "jar transforms Thread 198" [_thread_blocked, id=3960, stack(0x00000000258a0000,0x00000000259a0000)]
  0x00000000200e1000 JavaThread "jar transforms Thread 197" [_thread_blocked, id=1812, stack(0x00000000257a0000,0x00000000258a0000)]
  0x00000000200e3000 JavaThread "jar transforms Thread 196" [_thread_blocked, id=8960, stack(0x00000000256a0000,0x00000000257a0000)]
  0x00000000200df800 JavaThread "jar transforms Thread 195" [_thread_blocked, id=24660, stack(0x00000000255a0000,0x00000000256a0000)]
  0x00000000200d7000 JavaThread "jar transforms Thread 194" [_thread_blocked, id=24188, stack(0x00000000254a0000,0x00000000255a0000)]
  0x00000000200d6800 JavaThread "jar transforms Thread 193" [_thread_blocked, id=24260, stack(0x00000000253a0000,0x00000000254a0000)]
  0x00000000200d9800 JavaThread "jar transforms Thread 192" [_thread_blocked, id=15760, stack(0x0000000024fa0000,0x00000000250a0000)]
  0x00000000200dc800 JavaThread "jar transforms Thread 191" [_thread_blocked, id=8392, stack(0x0000000024ea0000,0x0000000024fa0000)]
  0x00000000200db800 JavaThread "jar transforms Thread 190" [_thread_blocked, id=29340, stack(0x0000000024da0000,0x0000000024ea0000)]
  0x00000000200da000 JavaThread "jar transforms Thread 189" [_thread_blocked, id=30616, stack(0x0000000024ca0000,0x0000000024da0000)]
  0x00000000203e4000 JavaThread "Daemon worker Thread 3" [_thread_blocked, id=12564, stack(0x000000001dc60000,0x000000001dd60000)]
  0x00000000203e8000 JavaThread "Daemon Thread 3" [_thread_blocked, id=1568, stack(0x00000000012e0000,0x00000000013e0000)]
  0x00000000200d8000 JavaThread "Cache worker for Java compile cache (C:\Users\bruno\.gradle\caches\6.5\javaCompile)" [_thread_blocked, id=7316, stack(0x000000002eb10000,0x000000002ec10000)]
  0x00000000203e5000 JavaThread "Memory manager" [_thread_blocked, id=24624, stack(0x000000002c450000,0x000000002c550000)]
  0x000000001feee800 JavaThread "Cache worker for file content cache (C:\Users\bruno\.gradle\caches\6.5\fileContent)" [_thread_blocked, id=20444, stack(0x00000000231d0000,0x00000000232d0000)]
  0x000000001fef4000 JavaThread "Cache worker for execution history cache (C:\Users\bruno\.gradle\caches\6.5\executionHistory)" [_thread_blocked, id=12676, stack(0x00000000229d0000,0x0000000022ad0000)]
  0x000000001ccfc000 JavaThread "Cache worker for file hash cache (C:\Users\bruno\.gradle\caches\6.5\fileHashes)" [_thread_blocked, id=29516, stack(0x000000001eec0000,0x000000001efc0000)]
  0x000000001ccfe800 JavaThread "File lock request listener" [_thread_in_native, id=30700, stack(0x000000001edc0000,0x000000001eec0000)]
  0x000000001cb9e000 JavaThread "Cache worker for journal cache (C:\Users\bruno\.gradle\caches\journal-1)" [_thread_blocked, id=16592, stack(0x000000001ecc0000,0x000000001edc0000)]
  0x000000001ca73800 JavaThread "Daemon periodic checks" [_thread_blocked, id=27484, stack(0x000000001e0c0000,0x000000001e1c0000)]
  0x000000001caaf800 JavaThread "Incoming local TCP Connector on port 63599" [_thread_in_native, id=10820, stack(0x000000001de60000,0x000000001df60000)]
  0x000000001c9aa000 JavaThread "Daemon health stats" [_thread_blocked, id=27688, stack(0x000000001d820000,0x000000001d920000)]
  0x000000001a030000 JavaThread "Service Thread" daemon [_thread_blocked, id=18084, stack(0x000000001ac80000,0x000000001ad80000)]
  0x0000000019fb2000 JavaThread "C1 CompilerThread3" daemon [_thread_in_native, id=10928, stack(0x000000001ab80000,0x000000001ac80000)]
  0x0000000019fac000 JavaThread "C2 CompilerThread2" daemon [_thread_in_native, id=24384, stack(0x000000001aa80000,0x000000001ab80000)]
=>0x000000001819b000 JavaThread "C2 CompilerThread1" daemon [_thread_in_native, id=22680, stack(0x000000001a980000,0x000000001aa80000)]
  0x0000000019fa2800 JavaThread "C2 CompilerThread0" daemon [_thread_in_native, id=8408, stack(0x000000001a880000,0x000000001a980000)]
  0x0000000019fa1000 JavaThread "Attach Listener" daemon [_thread_blocked, id=2416, stack(0x000000001a780000,0x000000001a880000)]
  0x0000000019fa0000 JavaThread "Signal Dispatcher" daemon [_thread_blocked, id=26164, stack(0x000000001a680000,0x000000001a780000)]
  0x000000000311c800 JavaThread "Finalizer" daemon [_thread_blocked, id=15076, stack(0x000000001a470000,0x000000001a570000)]
  0x0000000019f90800 JavaThread "Reference Handler" daemon [_thread_blocked, id=29248, stack(0x000000001a370000,0x000000001a470000)]
  0x0000000002f1d800 JavaThread "main" [_thread_blocked, id=14820, stack(0x0000000002f20000,0x0000000003020000)]

Other Threads:
  0x0000000018188000 VMThread [stack: 0x0000000019e70000,0x0000000019f70000] [id=25984]
  0x000000001a030800 WatcherThread [stack: 0x000000001ad80000,0x000000001ae80000] [id=24920]

VM state:not at safepoint (normal execution)

VM Mutex/Monitor currently owned by a thread: None

heap address: 0x0000000080000000, size: 2048 MB, Compressed Oops mode: 32-bit
Narrow klass base: 0x0000000000000000, Narrow klass shift: 3
Compressed class space size: 1073741824 Address: 0x0000000100000000

Heap:
 PSYoungGen      total 306176K, used 141809K [0x00000000d5580000, 0x00000000f0900000, 0x0000000100000000)
  eden space 253440K, 35% used [0x00000000d5580000,0x00000000dac7d3b8,0x00000000e4d00000)
  from space 52736K, 99% used [0x00000000e4d00000,0x00000000e807f2b0,0x00000000e8080000)
  to   space 62976K, 0% used [0x00000000ecb80000,0x00000000ecb80000,0x00000000f0900000)
 ParOldGen       total 487936K, used 75049K [0x0000000080000000, 0x000000009dc80000, 0x00000000d5580000)
  object space 487936K, 15% used [0x0000000080000000,0x000000008494a7b8,0x000000009dc80000)
 Metaspace       used 100119K, capacity 105208K, committed 105432K, reserved 1140736K
  class space    used 12803K, capacity 13708K, committed 13824K, reserved 1048576K

Card table byte_map: [0x00000000124e0000,0x00000000128f0000] byte_map_base: 0x00000000120e0000

Marking Bits: (ParMarkBitMap*) 0x000000005757f030
 Begin Bits: [0x00000000133a0000, 0x00000000153a0000)
 End Bits:   [0x00000000153a0000, 0x00000000173a0000)

Polling page: 0x0000000002e20000

CodeCache: size=245760Kb used=62047Kb max_used=62047Kb free=183712Kb
 bounds [0x0000000003120000, 0x0000000006e50000, 0x0000000012120000]
 total_blobs=18507 nmethods=17604 adapters=813
 compilation: enabled

Compilation events (10 events):
Event: 460.951 Thread 0x0000000019fb2000 nmethod 22016 0x0000000005a5cb50 code [0x0000000005a5ccc0, 0x0000000005a5ce28]
Event: 460.951 Thread 0x0000000019fb2000 22041       2       com.android.tools.r8.code.U1::<init> (13 bytes)
Event: 460.951 Thread 0x0000000019fb2000 nmethod 22041 0x0000000005a5c790 code [0x0000000005a5c900, 0x0000000005a5ca68]
Event: 460.951 Thread 0x0000000019fb2000 22023       2       com.android.tools.r8.code.b3::<init> (7 bytes)
Event: 460.952 Thread 0x0000000019fb2000 nmethod 22023 0x0000000005a5c350 code [0x0000000005a5c4a0, 0x0000000005a5c630]
Event: 460.952 Thread 0x0000000019fb2000 22043       2       com.android.tools.r8.code.m1::<init> (13 bytes)
Event: 460.952 Thread 0x0000000019fb2000 nmethod 22043 0x0000000005a5bf90 code [0x0000000005a5c100, 0x0000000005a5c268]
Event: 460.952 Thread 0x0000000019fb2000 22027       2       com.android.tools.r8.code.E2::<init> (13 bytes)
Event: 460.953 Thread 0x0000000019fb2000 nmethod 22027 0x0000000005a5b890 code [0x0000000005a5ba00, 0x0000000005a5bc68]
Event: 460.953 Thread 0x0000000019fb2000 22058       2       com.android.tools.r8.code.v1::a (4137 bytes)

GC Heap History (10 events):
Event: 424.387 GC heap before
{Heap before GC invocations=22 (full 4):
 PSYoungGen      total 278016K, used 250037K [0x00000000d5580000, 0x00000000eb800000, 0x0000000100000000)
  eden space 225280K, 100% used [0x00000000d5580000,0x00000000e3180000,0x00000000e3180000)
  from space 52736K, 46% used [0x00000000e3180000,0x00000000e49ad5b0,0x00000000e6500000)
  to   space 50176K, 0% used [0x00000000e8700000,0x00000000e8700000,0x00000000eb800000)
 ParOldGen       total 487936K, used 74703K [0x0000000080000000, 0x000000009dc80000, 0x00000000d5580000)
  object space 487936K, 15% used [0x0000000080000000,0x00000000848f3fa8,0x000000009dc80000)
 Metaspace       used 97538K, capacity 102360K, committed 102872K, reserved 1138688K
  class space    used 12735K, capacity 13648K, committed 13824K, reserved 1048576K
Event: 424.414 GC heap after
Heap after GC invocations=22 (full 4):
 PSYoungGen      total 301568K, used 7256K [0x00000000d5580000, 0x00000000eb300000, 0x0000000100000000)
  eden space 256512K, 0% used [0x00000000d5580000,0x00000000d5580000,0x00000000e5000000)
  from space 45056K, 16% used [0x00000000e8700000,0x00000000e8e16060,0x00000000eb300000)
  to   space 50688K, 0% used [0x00000000e5000000,0x00000000e5000000,0x00000000e8180000)
 ParOldGen       total 487936K, used 74711K [0x0000000080000000, 0x000000009dc80000, 0x00000000d5580000)
  object space 487936K, 15% used [0x0000000080000000,0x00000000848f5fa8,0x000000009dc80000)
 Metaspace       used 97538K, capacity 102360K, committed 102872K, reserved 1138688K
  class space    used 12735K, capacity 13648K, committed 13824K, reserved 1048576K
}
Event: 438.955 GC heap before
{Heap before GC invocations=23 (full 4):
 PSYoungGen      total 301568K, used 262157K [0x00000000d5580000, 0x00000000eb300000, 0x0000000100000000)
  eden space 256512K, 99% used [0x00000000d5580000,0x00000000e4e6d400,0x00000000e5000000)
  from space 45056K, 16% used [0x00000000e8700000,0x00000000e8e16060,0x00000000eb300000)
  to   space 50688K, 0% used [0x00000000e5000000,0x00000000e5000000,0x00000000e8180000)
 ParOldGen       total 487936K, used 74711K [0x0000000080000000, 0x000000009dc80000, 0x00000000d5580000)
  object space 487936K, 15% used [0x0000000080000000,0x00000000848f5fa8,0x000000009dc80000)
 Metaspace       used 97861K, capacity 102872K, committed 103128K, reserved 1138688K
  class space    used 12754K, capacity 13678K, committed 13824K, reserved 1048576K
Event: 439.193 GC heap after
Heap after GC invocations=23 (full 4):
 PSYoungGen      total 266752K, used 9896K [0x00000000d5580000, 0x00000000eb100000, 0x0000000100000000)
  eden space 256512K, 0% used [0x00000000d5580000,0x00000000d5580000,0x00000000e5000000)
  from space 10240K, 96% used [0x00000000e5000000,0x00000000e59aa070,0x00000000e5a00000)
  to   space 49664K, 0% used [0x00000000e8080000,0x00000000e8080000,0x00000000eb100000)
 ParOldGen       total 487936K, used 74719K [0x0000000080000000, 0x000000009dc80000, 0x00000000d5580000)
  object space 487936K, 15% used [0x0000000080000000,0x00000000848f7fa8,0x000000009dc80000)
 Metaspace       used 97861K, capacity 102872K, committed 103128K, reserved 1138688K
  class space    used 12754K, capacity 13678K, committed 13824K, reserved 1048576K
}
Event: 439.193 GC heap before
{Heap before GC invocations=24 (full 5):
 PSYoungGen      total 266752K, used 9896K [0x00000000d5580000, 0x00000000eb100000, 0x0000000100000000)
  eden space 256512K, 0% used [0x00000000d5580000,0x00000000d5580000,0x00000000e5000000)
  from space 10240K, 96% used [0x00000000e5000000,0x00000000e59aa070,0x00000000e5a00000)
  to   space 49664K, 0% used [0x00000000e8080000,0x00000000e8080000,0x00000000eb100000)
 ParOldGen       total 487936K, used 74719K [0x0000000080000000, 0x000000009dc80000, 0x00000000d5580000)
  object space 487936K, 15% used [0x0000000080000000,0x00000000848f7fa8,0x000000009dc80000)
 Metaspace       used 97861K, capacity 102872K, committed 103128K, reserved 1138688K
  class space    used 12754K, capacity 13678K, committed 13824K, reserved 1048576K
Event: 443.583 GC heap after
Heap after GC invocations=24 (full 5):
 PSYoungGen      total 266752K, used 0K [0x00000000d5580000, 0x00000000eb100000, 0x0000000100000000)
  eden space 256512K, 0% used [0x00000000d5580000,0x00000000d5580000,0x00000000e5000000)
  from space 10240K, 0% used [0x00000000e5000000,0x00000000e5000000,0x00000000e5a00000)
  to   space 49664K, 0% used [0x00000000e8080000,0x00000000e8080000,0x00000000eb100000)
 ParOldGen       total 487936K, used 69496K [0x0000000080000000, 0x000000009dc80000, 0x00000000d5580000)
  object space 487936K, 14% used [0x0000000080000000,0x00000000843de260,0x000000009dc80000)
 Metaspace       used 97795K, capacity 102702K, committed 103128K, reserved 1138688K
  class space    used 12730K, capacity 13633K, committed 13824K, reserved 1048576K
}
Event: 457.013 GC heap before
{Heap before GC invocations=25 (full 5):
 PSYoungGen      total 266752K, used 256512K [0x00000000d5580000, 0x00000000eb100000, 0x0000000100000000)
  eden space 256512K, 100% used [0x00000000d5580000,0x00000000e5000000,0x00000000e5000000)
  from space 10240K, 0% used [0x00000000e5000000,0x00000000e5000000,0x00000000e5a00000)
  to   space 49664K, 0% used [0x00000000e8080000,0x00000000e8080000,0x00000000eb100000)
 ParOldGen       total 487936K, used 69496K [0x0000000080000000, 0x000000009dc80000, 0x00000000d5580000)
  object space 487936K, 14% used [0x0000000080000000,0x00000000843de260,0x000000009dc80000)
 Metaspace       used 99558K, capacity 104598K, committed 104920K, reserved 1140736K
  class space    used 12792K, capacity 13699K, committed 13824K, reserved 1048576K
Event: 457.159 GC heap after
Heap after GC invocations=25 (full 5):
 PSYoungGen      total 303104K, used 37351K [0x00000000d5580000, 0x00000000ed700000, 0x0000000100000000)
  eden space 253440K, 0% used [0x00000000d5580000,0x00000000d5580000,0x00000000e4d00000)
  from space 49664K, 75% used [0x00000000e8080000,0x00000000ea4f9fa0,0x00000000eb100000)
  to   space 52736K, 0% used [0x00000000e4d00000,0x00000000e4d00000,0x00000000e8080000)
 ParOldGen       total 487936K, used 69504K [0x0000000080000000, 0x000000009dc80000, 0x00000000d5580000)
  object space 487936K, 14% used [0x0000000080000000,0x00000000843e0260,0x000000009dc80000)
 Metaspace       used 99558K, capacity 104598K, committed 104920K, reserved 1140736K
  class space    used 12792K, capacity 13699K, committed 13824K, reserved 1048576K
}
Event: 459.337 GC heap before
{Heap before GC invocations=26 (full 5):
 PSYoungGen      total 303104K, used 290791K [0x00000000d5580000, 0x00000000ed700000, 0x0000000100000000)
  eden space 253440K, 100% used [0x00000000d5580000,0x00000000e4d00000,0x00000000e4d00000)
  from space 49664K, 75% used [0x00000000e8080000,0x00000000ea4f9fa0,0x00000000eb100000)
  to   space 52736K, 0% used [0x00000000e4d00000,0x00000000e4d00000,0x00000000e8080000)
 ParOldGen       total 487936K, used 69504K [0x0000000080000000, 0x000000009dc80000, 0x00000000d5580000)
  object space 487936K, 14% used [0x0000000080000000,0x00000000843e0260,0x000000009dc80000)
 Metaspace       used 99962K, capacity 105068K, committed 105432K, reserved 1140736K
  class space    used 12803K, capacity 13708K, committed 13824K, reserved 1048576K
Event: 459.786 GC heap after
Heap after GC invocations=26 (full 5):
 PSYoungGen      total 306176K, used 52732K [0x00000000d5580000, 0x00000000f0900000, 0x0000000100000000)
  eden space 253440K, 0% used [0x00000000d5580000,0x00000000d5580000,0x00000000e4d00000)
  from space 52736K, 99% used [0x00000000e4d00000,0x00000000e807f2b0,0x00000000e8080000)
  to   space 62976K, 0% used [0x00000000ecb80000,0x00000000ecb80000,0x00000000f0900000)
 ParOldGen       total 487936K, used 75049K [0x0000000080000000, 0x000000009dc80000, 0x00000000d5580000)
  object space 487936K, 15% used [0x0000000080000000,0x000000008494a7b8,0x000000009dc80000)
 Metaspace       used 99962K, capacity 105068K, committed 105432K, reserved 1140736K
  class space    used 12803K, capacity 13708K, committed 13824K, reserved 1048576K
}

Deoptimization events (10 events):
Event: 458.397 Thread 0x00000000200d8800 Uncommon trap: reason=unstable_if action=reinterpret pc=0x00000000046f7530 method=com.android.tools.r8.ir.conversion.o.e(I)Lcom/android/tools/r8/graph/s; @ 4
Event: 458.402 Thread 0x00000000200d8800 Uncommon trap: reason=unstable_if action=reinterpret pc=0x0000000006ba1d6c method=com.android.tools.r8.s.b.q1.g0()Z @ 31
Event: 458.571 Thread 0x000000001fc2f800 Uncommon trap: reason=unstable_if action=reinterpret pc=0x00000000062612a8 method=java.util.TimSort.countRunAndMakeAscending([Ljava/lang/Object;IILjava/util/Comparator;)I @ 27
Event: 458.634 Thread 0x000000001fc32000 Uncommon trap: reason=class_check action=maybe_recompile pc=0x0000000004b96bf8 method=com.android.tools.r8.dex.m.c(I)V @ 108
Event: 458.660 Thread 0x00000000203ef800 Uncommon trap: reason=unstable_if action=reinterpret pc=0x0000000004510390 method=java.util.concurrent.ConcurrentHashMap.putVal(Ljava/lang/Object;Ljava/lang/Object;Z)Ljava/lang/Object; @ 152
Event: 460.115 Thread 0x0000000031182800 Uncommon trap: reason=unstable_if action=reinterpret pc=0x000000000527c510 method=com.android.tools.r8.dex.n.i()Lcom/android/tools/r8/graph/l0; @ 60
Event: 460.303 Thread 0x0000000031180800 Uncommon trap: reason=unstable_if action=reinterpret pc=0x000000000582eef8 method=com.android.tools.r8.graph.g0.computeEquals(Ljava/lang/Object;)Z @ 37
Event: 460.310 Thread 0x0000000031180800 Uncommon trap: reason=unstable_if action=reinterpret pc=0x00000000058318fc method=com.android.tools.r8.graph.g0.computeEquals(Ljava/lang/Object;)Z @ 37
Event: 460.317 Thread 0x000000001fc31000 Uncommon trap: reason=null_check action=make_not_entrant pc=0x00000000058308f4 method=com.android.tools.r8.q.a.b.h.b(Ljava/lang/Object;)V @ 71
Event: 460.850 Thread 0x0000000031181000 Uncommon trap: reason=unloaded action=reinterpret pc=0x0000000006dec82c method=com.android.tools.r8.code.v1.a(Ljava/nio/ShortBuffer;IILcom/android/tools/r8/graph/h1;)[Lcom/android/tools/r8/code/u1; @ 2678

Classes redefined (0 events):
No events

Internal exceptions (10 events):
Event: 458.924 Thread 0x00000000200d8800 Exception <a 'sun/nio/fs/WindowsException'> (0x00000000e3eb9110) thrown at [C:\src\AOSP-openjdk-git\hotspot\src\share\vm\prims\jni.cpp, line 710]
Event: 458.925 Thread 0x000000001fc32800 Exception <a 'sun/nio/fs/WindowsException'> (0x00000000e3fcada0) thrown at [C:\src\AOSP-openjdk-git\hotspot\src\share\vm\prims\jni.cpp, line 710]
Event: 458.927 Thread 0x00000000200db000 Exception <a 'sun/nio/fs/WindowsException'> (0x00000000e401b9b8) thrown at [C:\src\AOSP-openjdk-git\hotspot\src\share\vm\prims\jni.cpp, line 710]
Event: 458.927 Thread 0x00000000200d8800 Exception <a 'sun/nio/fs/WindowsException'> (0x00000000e40661e0) thrown at [C:\src\AOSP-openjdk-git\hotspot\src\share\vm\prims\jni.cpp, line 710]
Event: 458.955 Thread 0x00000000200d8800 Exception <a 'sun/nio/fs/WindowsException'> (0x00000000e41d3070) thrown at [C:\src\AOSP-openjdk-git\hotspot\src\share\vm\prims\jni.cpp, line 710]
Event: 458.971 Thread 0x00000000200db000 Exception <a 'sun/nio/fs/WindowsException'> (0x00000000e4220198) thrown at [C:\src\AOSP-openjdk-git\hotspot\src\share\vm\prims\jni.cpp, line 710]
Event: 458.979 Thread 0x00000000200d8800 Exception <a 'sun/nio/fs/WindowsException'> (0x00000000e426aa40) thrown at [C:\src\AOSP-openjdk-git\hotspot\src\share\vm\prims\jni.cpp, line 710]
Event: 458.982 Thread 0x00000000200d8800 Exception <a 'sun/nio/fs/WindowsException'> (0x00000000e42b2390) thrown at [C:\src\AOSP-openjdk-git\hotspot\src\share\vm\prims\jni.cpp, line 710]
Event: 458.986 Thread 0x00000000200d8800 Exception <a 'sun/nio/fs/WindowsException'> (0x00000000e42f9a28) thrown at [C:\src\AOSP-openjdk-git\hotspot\src\share\vm\prims\jni.cpp, line 710]
Event: 459.819 Thread 0x000000001fc31000 Exception <a 'sun/nio/fs/WindowsException'> (0x00000000d5b31118) thrown at [C:\src\AOSP-openjdk-git\hotspot\src\share\vm\prims\jni.cpp, line 710]

Events (10 events):
Event: 460.401 Thread 0x0000000019fb2000 flushing nmethod 0x0000000005bf4f50
Event: 460.401 Thread 0x0000000019fb2000 flushing nmethod 0x0000000005c2fad0
Event: 460.401 Thread 0x0000000019fb2000 flushing nmethod 0x0000000005c42890
Event: 460.402 Thread 0x0000000019fb2000 flushing nmethod 0x0000000005d10d50
Event: 460.402 Thread 0x0000000019fb2000 flushing nmethod 0x0000000005e0d7d0
Event: 460.410 Thread 0x0000000019fb2000 flushing nmethod 0x00000000067ba1d0
Event: 460.410 Thread 0x0000000019fb2000 flushing nmethod 0x0000000006807d50
Event: 460.850 Thread 0x0000000031181000 Uncommon trap: trap_request=0x000001a1 fr.pc=0x0000000006dec82c
Event: 460.850 Thread 0x0000000031181000 DEOPT PACKING pc=0x0000000006dec82c sp=0x0000000032faea20
Event: 460.850 Thread 0x0000000031181000 DEOPT UNPACKING pc=0x000000000316557b sp=0x0000000032fae9e8 mode 2


Dynamic libraries:
0x00007ff7469a0000 - 0x00007ff7469d1000 	C:\Program Files\Android\Android Studio\jre\bin\java.exe
0x00007ff85e830000 - 0x00007ff85ea26000 	C:\WINDOWS\SYSTEM32\ntdll.dll
0x00007ff85c890000 - 0x00007ff85c94d000 	C:\WINDOWS\System32\KERNEL32.DLL
0x00007ff85c200000 - 0x00007ff85c4c9000 	C:\WINDOWS\System32\KERNELBASE.dll
0x00007ff85cae0000 - 0x00007ff85cb8c000 	C:\WINDOWS\System32\ADVAPI32.dll
0x00007ff85d0a0000 - 0x00007ff85d13e000 	C:\WINDOWS\System32\msvcrt.dll
0x00007ff85d8e0000 - 0x00007ff85d97c000 	C:\WINDOWS\System32\sechost.dll
0x00007ff85d9b0000 - 0x00007ff85dadb000 	C:\WINDOWS\System32\RPCRT4.dll
0x00007ff85cc80000 - 0x00007ff85ce20000 	C:\WINDOWS\System32\USER32.dll
0x00007ff85c080000 - 0x00007ff85c0a2000 	C:\WINDOWS\System32\win32u.dll
0x00007ff85d980000 - 0x00007ff85d9aa000 	C:\WINDOWS\System32\GDI32.dll
0x00007ff85bf70000 - 0x00007ff85c07b000 	C:\WINDOWS\System32\gdi32full.dll
0x00007ff85c160000 - 0x00007ff85c1fd000 	C:\WINDOWS\System32\msvcp_win.dll
0x00007ff85c520000 - 0x00007ff85c620000 	C:\WINDOWS\System32\ucrtbase.dll
0x00007ff848920000 - 0x00007ff848bbb000 	C:\WINDOWS\WinSxS\amd64_microsoft.windows.common-controls_6595b64144ccf1df_6.0.19041.746_none_ca02b4b61b8320a4\COMCTL32.dll
0x00007ff85d390000 - 0x00007ff85d3c0000 	C:\WINDOWS\System32\IMM32.DLL
0x00000000562a0000 - 0x0000000056372000 	C:\Program Files\Android\Android Studio\jre\jre\bin\msvcr100.dll
0x0000000056db0000 - 0x00000000575fb000 	C:\Program Files\Android\Android Studio\jre\jre\bin\server\jvm.dll
0x00007ff85cc10000 - 0x00007ff85cc18000 	C:\WINDOWS\System32\PSAPI.DLL
0x00007ff846630000 - 0x00007ff846657000 	C:\WINDOWS\SYSTEM32\WINMM.dll
0x00007ff83c940000 - 0x00007ff83c949000 	C:\WINDOWS\SYSTEM32\WSOCK32.dll
0x00007ff854160000 - 0x00007ff85416a000 	C:\WINDOWS\SYSTEM32\VERSION.dll
0x00007ff85d320000 - 0x00007ff85d38b000 	C:\WINDOWS\System32\WS2_32.dll
0x00007ff8581e0000 - 0x00007ff8581ef000 	C:\Program Files\Android\Android Studio\jre\jre\bin\verify.dll
0x00007ff8569e0000 - 0x00007ff856a09000 	C:\Program Files\Android\Android Studio\jre\jre\bin\java.dll
0x00007ff855480000 - 0x00007ff855496000 	C:\Program Files\Android\Android Studio\jre\jre\bin\zip.dll
0x00007ff85e010000 - 0x00007ff85e753000 	C:\WINDOWS\System32\SHELL32.dll
0x00007ff859d20000 - 0x00007ff85a4af000 	C:\WINDOWS\SYSTEM32\windows.storage.dll
0x00007ff85dae0000 - 0x00007ff85de36000 	C:\WINDOWS\System32\combase.dll
0x00007ff85b9d0000 - 0x00007ff85b9fc000 	C:\WINDOWS\SYSTEM32\Wldp.dll
0x00007ff85d3c0000 - 0x00007ff85d46e000 	C:\WINDOWS\System32\SHCORE.dll
0x00007ff85cc20000 - 0x00007ff85cc75000 	C:\WINDOWS\System32\shlwapi.dll
0x00007ff85bea0000 - 0x00007ff85bec6000 	C:\WINDOWS\SYSTEM32\profapi.dll
0x00007ff853cd0000 - 0x00007ff853cea000 	C:\Program Files\Android\Android Studio\jre\jre\bin\net.dll
0x00007ff85b750000 - 0x00007ff85b7ba000 	C:\WINDOWS\system32\mswsock.dll
0x00007ff853cb0000 - 0x00007ff853cc3000 	C:\Program Files\Android\Android Studio\jre\jre\bin\nio.dll
0x00007ff84bbc0000 - 0x00007ff84bbe7000 	C:\Users\bruno\.gradle\native\f6784746aeab05261644944871eae4fe03e0ef1612fff0a4a95f87b438bc6780\windows-amd64\native-platform.dll
0x00007ff855990000 - 0x00007ff85599d000 	C:\Program Files\Android\Android Studio\jre\jre\bin\management.dll
0x00007ff85b920000 - 0x00007ff85b938000 	C:\WINDOWS\SYSTEM32\CRYPTSP.dll
0x00007ff85b080000 - 0x00007ff85b0b4000 	C:\WINDOWS\system32\rsaenh.dll
0x00007ff85c620000 - 0x00007ff85c647000 	C:\WINDOWS\System32\bcrypt.dll
0x00007ff85be60000 - 0x00007ff85be8e000 	C:\WINDOWS\SYSTEM32\USERENV.dll
0x00007ff85c810000 - 0x00007ff85c890000 	C:\WINDOWS\System32\bcryptprimitives.dll
0x00007ff85b940000 - 0x00007ff85b94c000 	C:\WINDOWS\SYSTEM32\CRYPTBASE.dll
0x00007ff85b3f0000 - 0x00007ff85b42b000 	C:\WINDOWS\SYSTEM32\IPHLPAPI.DLL
0x00007ff85df20000 - 0x00007ff85df28000 	C:\WINDOWS\System32\NSI.dll
0x00007ff852d00000 - 0x00007ff852d17000 	C:\WINDOWS\SYSTEM32\dhcpcsvc6.DLL
0x00007ff852c80000 - 0x00007ff852c9d000 	C:\WINDOWS\SYSTEM32\dhcpcsvc.DLL
0x00007ff85b430000 - 0x00007ff85b4fb000 	C:\WINDOWS\SYSTEM32\DNSAPI.dll
0x00007ff854200000 - 0x00007ff85420b000 	C:\WINDOWS\SYSTEM32\WINNSI.DLL

VM Arguments:
jvm_args: -Xmx2048m -Dfile.encoding=UTF-8 -Duser.country=BR -Duser.language=pt -Duser.variant 
java_command: org.gradle.launcher.daemon.bootstrap.GradleDaemon 6.5
java_class_path (initial): C:\Users\bruno\.gradle\wrapper\dists\gradle-6.5-all\2oz4ud9k3tuxjg84bbf55q0tn\gradle-6.5\lib\gradle-launcher-6.5.jar
Launcher Type: SUN_STANDARD

Environment Variables:
PATH=C:\Program Files (x86)\VMware\VMware Player\bin\;C:\Program Files (x86)\Common Files\Oracle\Java\javapath;C:\Program Files (x86)\Intel\Intel(R) Management Engine Components\iCLS\;C:\Program Files\Intel\Intel(R) Management Engine Components\iCLS\;C:\WINDOWS\system32;C:\WINDOWS;C:\WINDOWS\System32\Wbem;C:\WINDOWS\System32\WindowsPowerShell\v1.0\;C:\WINDOWS\System32\OpenSSH\;C:\Program Files (x86)\Intel\Intel(R) Management Engine Components\DAL;C:\Program Files\Intel\Intel(R) Management Engine Components\DAL;C:\Program Files\Git\cmd;C:\wamp64\bin\php\php7.4.9;C:\ProgramData\ComposerSetup\bin;C:\Program Files\nodejs\;C:\Users\bruno\AppData\Local\Microsoft\WindowsApps;C:\Users\bruno\AppData\Roaming\Composer\vendor\bin;C:\Users\bruno\AppData\Roaming\npm;C:\Users\bruno\AppData\Local\Programs\Microsoft VS Code\bin
USERNAME=bruno
OS=Windows_NT
PROCESSOR_IDENTIFIER=Intel64 Family 6 Model 142 Stepping 10, GenuineIntel



---------------  S Y S T E M  ---------------

OS: Windows 10.0 , 64 bit Build 19041 (10.0.19041.662)

CPU:total 8 (initial active 8) (4 cores per cpu, 2 threads per core) family 6 model 142 stepping 10, cmov, cx8, fxsr, mmx, sse, sse2, sse3, ssse3, sse4.1, sse4.2, popcnt, avx, avx2, aes, clmul, erms, 3dnowpref, lzcnt, ht, tsc, tscinvbit, bmi1, bmi2, adx

Memory: 4k page, physical 20874468k(249848k free), swap 81759328k(18312k free)

vm_info: OpenJDK 64-Bit Server VM (25.242-b01) for windows-amd64 JRE (1.8.0_242-release-1644-b01), built by "builder" with MS VC++ 10.0 (VS2010)

time: Mon Feb 01 16:45:31 2021
timezone: Horário Padrão de Tocantins
elapsed time: 460 seconds (0d 0h 7m 40s)

